\BOOKMARK [1][-]{section.1}{Conjuntos}{}% 1
\BOOKMARK [2][-]{subsection.1.1}{Ejercicios Conjuntos Primera Parte}{section.1}% 2
\BOOKMARK [2][-]{subsection.1.2}{Ejercicios Sobre relaciones }{section.1}% 3
\BOOKMARK [1][-]{section.2}{Funciones}{}% 4
\BOOKMARK [2][-]{subsection.2.1}{Ejercicios de Funciones}{section.2}% 5
\BOOKMARK [1][-]{section.3}{N\372meros Naturales}{}% 6
\BOOKMARK [2][-]{subsection.3.1}{\277Qu\351 son los n\372meros naturales \(N\)?}{section.3}% 7
\BOOKMARK [2][-]{subsection.3.2}{La suma de Gauss y la serie Geom\351trica}{section.3}% 8
\BOOKMARK [3][-]{subsubsection.3.2.1}{La suma de Gauss}{subsection.3.2}% 9
\BOOKMARK [3][-]{subsubsection.3.2.2}{La serie Geom\351trica}{subsection.3.2}% 10
\BOOKMARK [2][-]{subsection.3.3}{Sumatoria }{section.3}% 11
\BOOKMARK [2][-]{subsection.3.4}{Productoria}{section.3}% 12
\BOOKMARK [2][-]{subsection.3.5}{El conjunto inductivo N y el principio de inducci\363n}{section.3}% 13
\BOOKMARK [2][-]{subsection.3.6}{Inducci\363n Completa}{section.3}% 14
\BOOKMARK [2][-]{subsection.3.7}{Sucesi\363n de Fibonacci}{section.3}% 15
\BOOKMARK [2][-]{subsection.3.8}{Sucesi\363n de Lucas}{section.3}% 16
\BOOKMARK [2][-]{subsection.3.9}{Inducci\363n Completa}{section.3}% 17
\BOOKMARK [2][-]{subsection.3.10}{Ejercicios Sobre Numeros Naturales}{section.3}% 18
\BOOKMARK [1][-]{section.4}{Combinatoria}{}% 19
\BOOKMARK [2][-]{subsection.4.1}{Cardinal}{section.4}% 20
\BOOKMARK [2][-]{subsection.4.2}{Cantidad de relaciones y funciones}{section.4}% 21
\BOOKMARK [2][-]{subsection.4.3}{Ejercicios Sobre Combinatoria }{section.4}% 22
\BOOKMARK [2][-]{subsection.4.4}{Ejercicios de las clases}{section.4}% 23
\BOOKMARK [1][-]{section.5}{Referencias}{}% 24
