\BOOKMARK [1][-]{section.1}{Conjuntos}{}% 1
\BOOKMARK [2][-]{subsection.1.1}{Teoremas, Definiciones b\341sicas sobre Conjuntos}{section.1}% 2
\BOOKMARK [3][-]{subsubsection.1.1.1}{\277Que es un conjunto?}{subsection.1.1}% 3
\BOOKMARK [3][-]{subsubsection.1.1.2}{Operaciones entre conjuntos}{subsection.1.1}% 4
\BOOKMARK [2][-]{subsection.1.2}{Tablas de Verdad de la l\363gica proposicional}{section.1}% 5
\BOOKMARK [3][-]{subsubsection.1.2.1}{Tablas de verdad y conectores logicos}{subsection.1.2}% 6
\BOOKMARK [2][-]{subsection.1.3}{Producto Cartesiano}{section.1}% 7
\BOOKMARK [1][-]{section.2}{Relaciones}{}% 8
\BOOKMARK [2][-]{subsection.2.1}{Relaciones en un conjunto}{section.2}% 9
\BOOKMARK [1][-]{section.3}{Funciones}{}% 10
\BOOKMARK [2][-]{subsection.3.1}{\277Que es una funci\363n?}{section.3}% 11
\BOOKMARK [2][-]{subsection.3.2}{Funci\363nes inyectivas, sobreyectivas y biyectivas}{section.3}% 12
\BOOKMARK [1][-]{section.4}{N\372meros Naturales}{}% 13
\BOOKMARK [2][-]{subsection.4.1}{\277Qu\351 son los n\372meros naturales \(N\)?}{section.4}% 14
\BOOKMARK [2][-]{subsection.4.2}{La suma de Gauss y la serie Geom\351trica}{section.4}% 15
\BOOKMARK [3][-]{subsubsection.4.2.1}{La suma de Gauss}{subsection.4.2}% 16
\BOOKMARK [3][-]{subsubsection.4.2.2}{La serie Geom\351trica}{subsection.4.2}% 17
\BOOKMARK [2][-]{subsection.4.3}{Sumatoria }{section.4}% 18
\BOOKMARK [2][-]{subsection.4.4}{Productoria}{section.4}% 19
\BOOKMARK [2][-]{subsection.4.5}{El conjunto inductivo N y el principio de inducci\363n}{section.4}% 20
\BOOKMARK [2][-]{subsection.4.6}{Inducci\363n Completa}{section.4}% 21
\BOOKMARK [2][-]{subsection.4.7}{Sucesi\363n de Fibonacci}{section.4}% 22
\BOOKMARK [2][-]{subsection.4.8}{Sucesi\363n de Lucas}{section.4}% 23
\BOOKMARK [2][-]{subsection.4.9}{Inducci\363n Completa}{section.4}% 24
\BOOKMARK [1][-]{section.5}{Combinatoria}{}% 25
\BOOKMARK [2][-]{subsection.5.1}{Cardinal}{section.5}% 26
\BOOKMARK [2][-]{subsection.5.2}{Cantidad de relaciones y funciones}{section.5}% 27
\BOOKMARK [1][-]{section.6}{Enteros}{}% 28
\BOOKMARK [2][-]{subsection.6.1}{Divisibilidad}{section.6}% 29
\BOOKMARK [2][-]{subsection.6.2}{Congruencia}{section.6}% 30
\BOOKMARK [2][-]{subsection.6.3}{Algoritmo de Divisi\363n}{section.6}% 31
\BOOKMARK [2][-]{subsection.6.4}{Maximo Comun Divisor}{section.6}% 32
\BOOKMARK [2][-]{subsection.6.5}{N\372meros Coprimos}{section.6}% 33
\BOOKMARK [2][-]{subsection.6.6}{Primos y Factorizaci\363n}{section.6}% 34
\BOOKMARK [2][-]{subsection.6.7}{Ecuaciones Lineales Diofanticas}{section.6}% 35
\BOOKMARK [2][-]{subsection.6.8}{Ecuaciones Lineales de Congruencia}{section.6}% 36
\BOOKMARK [2][-]{subsection.6.9}{Teorema Chino del Resto}{section.6}% 37
\BOOKMARK [2][-]{subsection.6.10}{Peque\361o Teorema de Fermat}{section.6}% 38
\BOOKMARK [1][-]{section.7}{N\372meros Complejos}{}% 39
\BOOKMARK [2][-]{subsection.7.1}{Motivaci\363n y Definiciones Iniciales}{section.7}% 40
\BOOKMARK [2][-]{subsection.7.2}{Forma Binomial. Inverso. Modulo. Conjugado}{section.7}% 41
\BOOKMARK [2][-]{subsection.7.3}{Modulo}{section.7}% 42
\BOOKMARK [2][-]{subsection.7.4}{Inverso}{section.7}% 43
\BOOKMARK [2][-]{subsection.7.5}{Forma Trigonometrica}{section.7}% 44
\BOOKMARK [2][-]{subsection.7.6}{Resultados obtenidos a trav\351s del Teorema de De Moivre}{section.7}% 45
\BOOKMARK [2][-]{subsection.7.7}{Raices n-\351simas de un numero C}{section.7}% 46
\BOOKMARK [2][-]{subsection.7.8}{El Grupo Gn de raices n-\351simas de la Unidad}{section.7}% 47
